<?xml version="1.0" encoding="UTF-8"?>
<coverage generated="1505945751">
  <project timestamp="1505945751">
    <package name="RW\JWT\Helpers">
      <file name="/Users/swang/code/jwt/src/JWT/Helpers/Base64Url.php">
        <class name="Base64Url" namespace="RW\JWT\Helpers">
          <metrics complexity="3" methods="2" coveredmethods="2" conditionals="0" coveredconditionals="0" statements="6" coveredstatements="6" elements="8" coveredelements="8"/>
        </class>
        <line num="12" type="method" name="encode" visibility="public" complexity="1" crap="1" count="6"/>
        <line num="14" type="stmt" count="6"/>
        <line num="23" type="method" name="decode" visibility="public" complexity="2" crap="2" count="4"/>
        <line num="25" type="stmt" count="4"/>
        <line num="26" type="stmt" count="4"/>
        <line num="27" type="stmt" count="4"/>
        <line num="28" type="stmt" count="4"/>
        <line num="30" type="stmt" count="4"/>
        <metrics loc="32" ncloc="20" classes="1" methods="2" coveredmethods="2" conditionals="0" coveredconditionals="0" statements="6" coveredstatements="6" elements="8" coveredelements="8"/>
      </file>
      <file name="/Users/swang/code/jwt/src/JWT/Helpers/Cache.php">
        <class name="Cache" namespace="RW\JWT\Helpers">
          <metrics complexity="3" methods="2" coveredmethods="2" conditionals="0" coveredconditionals="0" statements="8" coveredstatements="8" elements="10" coveredelements="10"/>
        </class>
        <line num="22" type="method" name="setCache" visibility="public" complexity="1" crap="1" count="1"/>
        <line num="24" type="stmt" count="1"/>
        <line num="26" type="stmt" count="1"/>
        <line num="28" type="stmt" count="1"/>
        <line num="29" type="stmt" count="1"/>
        <line num="30" type="stmt" count="1"/>
        <line num="31" type="stmt" count="1"/>
        <line num="39" type="method" name="getCache" visibility="public" complexity="2" crap="2" count="1"/>
        <line num="41" type="stmt" count="1"/>
        <line num="42" type="stmt" count="1"/>
        <metrics loc="43" ncloc="19" classes="1" methods="2" coveredmethods="2" conditionals="0" coveredconditionals="0" statements="8" coveredstatements="8" elements="10" coveredelements="10"/>
      </file>
      <file name="/Users/swang/code/jwt/src/JWT/Helpers/KMS.php">
        <class name="KMS" namespace="RW\JWT\Helpers">
          <metrics complexity="24" methods="18" coveredmethods="10" conditionals="0" coveredconditionals="0" statements="51" coveredstatements="32" elements="69" coveredelements="42"/>
        </class>
        <line num="17" type="method" name="__construct" complexity="1" crap="1" count="1"/>
        <line num="19" type="stmt" count="1"/>
        <line num="27" type="method" name="decrypt" visibility="public" complexity="1" crap="1" count="1"/>
        <line num="29" type="stmt" count="1"/>
        <line num="30" type="stmt" count="1"/>
        <line num="31" type="stmt" count="1"/>
        <line num="32" type="stmt" count="1"/>
        <line num="34" type="stmt" count="1"/>
        <line num="35" type="stmt" count="1"/>
        <line num="37" type="stmt" count="1"/>
        <line num="38" type="stmt" count="1"/>
        <line num="46" type="method" name="getKid" visibility="public" complexity="1" crap="1" count="1"/>
        <line num="48" type="stmt" count="1"/>
        <line num="54" type="method" name="generateDataKey" visibility="public" complexity="2" crap="2.00" count="1"/>
        <line num="56" type="stmt" count="1"/>
        <line num="57" type="stmt" count="0"/>
        <line num="59" type="stmt" count="1"/>
        <line num="60" type="stmt" count="1"/>
        <line num="61" type="stmt" count="1"/>
        <line num="64" type="stmt" count="1"/>
        <line num="65" type="stmt" count="1"/>
        <line num="67" type="stmt" count="1"/>
        <line num="68" type="stmt" count="1"/>
        <line num="71" type="stmt" count="1"/>
        <line num="72" type="stmt" count="1"/>
        <line num="74" type="stmt" count="1"/>
        <line num="80" type="method" name="getRegion" visibility="public" complexity="1" crap="1" count="1"/>
        <line num="82" type="stmt" count="1"/>
        <line num="89" type="method" name="setRegion" visibility="public" complexity="1" crap="2" count="0"/>
        <line num="91" type="stmt" count="0"/>
        <line num="92" type="stmt" count="0"/>
        <line num="98" type="method" name="getVersion" visibility="public" complexity="1" crap="1" count="1"/>
        <line num="100" type="stmt" count="1"/>
        <line num="107" type="method" name="setVersion" visibility="public" complexity="1" crap="2" count="0"/>
        <line num="109" type="stmt" count="0"/>
        <line num="110" type="stmt" count="0"/>
        <line num="116" type="method" name="getAlias" visibility="public" complexity="1" crap="1" count="1"/>
        <line num="118" type="stmt" count="1"/>
        <line num="125" type="method" name="setAlias" visibility="public" complexity="1" crap="2" count="0"/>
        <line num="127" type="stmt" count="0"/>
        <line num="128" type="stmt" count="0"/>
        <line num="134" type="method" name="getCiphertextBlob" visibility="public" complexity="1" crap="1" count="1"/>
        <line num="136" type="stmt" count="1"/>
        <line num="143" type="method" name="setCiphertextBlob" visibility="public" complexity="1" crap="1" count="1"/>
        <line num="145" type="stmt" count="1"/>
        <line num="146" type="stmt" count="1"/>
        <line num="152" type="method" name="getPlaintext" visibility="public" complexity="1" crap="1" count="1"/>
        <line num="154" type="stmt" count="1"/>
        <line num="161" type="method" name="setPlaintext" visibility="public" complexity="1" crap="1" count="1"/>
        <line num="163" type="stmt" count="1"/>
        <line num="164" type="stmt" count="1"/>
        <line num="172" type="method" name="setCacheKey" visibility="public" complexity="3" crap="12" count="0"/>
        <line num="174" type="stmt" count="0"/>
        <line num="175" type="stmt" count="0"/>
        <line num="176" type="stmt" count="0"/>
        <line num="177" type="stmt" count="0"/>
        <line num="180" type="stmt" count="0"/>
        <line num="182" type="stmt" count="0"/>
        <line num="189" type="method" name="getCacheKey" visibility="public" complexity="2" crap="2.15" count="1"/>
        <line num="191" type="stmt" count="1"/>
        <line num="192" type="stmt" count="1"/>
        <line num="194" type="stmt" count="0"/>
        <line num="200" type="method" name="getKeyRotation" visibility="public" complexity="1" crap="2" count="0"/>
        <line num="202" type="stmt" count="0"/>
        <line num="209" type="method" name="setKeyRotation" visibility="public" complexity="3" crap="12" count="0"/>
        <line num="211" type="stmt" count="0"/>
        <line num="212" type="stmt" count="0"/>
        <line num="214" type="stmt" count="0"/>
        <line num="215" type="stmt" count="0"/>
        <metrics loc="216" ncloc="149" classes="1" methods="18" coveredmethods="10" conditionals="0" coveredconditionals="0" statements="51" coveredstatements="32" elements="69" coveredelements="42"/>
      </file>
    </package>
    <package name="RW\JWT">
      <file name="/Users/swang/code/jwt/src/JWT/Token.php">
        <class name="Token" namespace="RW\JWT">
          <metrics complexity="38" methods="22" coveredmethods="17" conditionals="0" coveredconditionals="0" statements="72" coveredstatements="64" elements="94" coveredelements="81"/>
        </class>
        <line num="20" type="method" name="__construct" complexity="1" crap="1" count="6"/>
        <line num="22" type="stmt" count="6"/>
        <line num="27" type="stmt" count="6"/>
        <line num="37" type="method" name="init" visibility="public" complexity="2" crap="2.00" count="4"/>
        <line num="39" type="stmt" count="4"/>
        <line num="40" type="stmt" count="4"/>
        <line num="41" type="stmt" count="0"/>
        <line num="43" type="stmt" count="4"/>
        <line num="45" type="stmt" count="4"/>
        <line num="46" type="stmt" count="4"/>
        <line num="48" type="stmt" count="4"/>
        <line num="49" type="stmt" count="4"/>
        <line num="50" type="stmt" count="4"/>
        <line num="51" type="stmt" count="4"/>
        <line num="53" type="stmt" count="4"/>
        <line num="61" type="method" name="validate" visibility="public" complexity="6" crap="6.02" count="4"/>
        <line num="63" type="stmt" count="4"/>
        <line num="64" type="stmt" count="4"/>
        <line num="65" type="stmt" count="0"/>
        <line num="67" type="stmt" count="4"/>
        <line num="69" type="stmt" count="4"/>
        <line num="70" type="stmt" count="4"/>
        <line num="71" type="stmt" count="1"/>
        <line num="74" type="stmt" count="3"/>
        <line num="75" type="stmt" count="3"/>
        <line num="76" type="stmt" count="1"/>
        <line num="79" type="stmt" count="2"/>
        <line num="80" type="stmt" count="2"/>
        <line num="89" type="method" name="setExpiry" visibility="public" complexity="1" crap="1" count="2"/>
        <line num="91" type="stmt" count="2"/>
        <line num="92" type="stmt" count="2"/>
        <line num="101" type="method" name="setSecret" visibility="public" complexity="5" crap="5.93" count="6"/>
        <line num="103" type="stmt" count="6"/>
        <line num="104" type="stmt" count="4"/>
        <line num="105" type="stmt" count="0"/>
        <line num="108" type="stmt" count="4"/>
        <line num="109" type="stmt" count="0"/>
        <line num="112" type="stmt" count="4"/>
        <line num="113" type="stmt" count="0"/>
        <line num="117" type="stmt" count="6"/>
        <line num="118" type="stmt" count="6"/>
        <line num="125" type="method" name="getSecret" visibility="public" complexity="1" crap="1" count="6"/>
        <line num="127" type="stmt" count="6"/>
        <line num="137" type="method" name="setPayload" visibility="public" complexity="1" crap="1" count="2"/>
        <line num="139" type="stmt" count="2"/>
        <line num="140" type="stmt" count="2"/>
        <line num="165" type="method" name="setType" visibility="public" complexity="1" crap="2" count="0"/>
        <line num="167" type="stmt" count="0"/>
        <line num="168" type="stmt" count="0"/>
        <line num="183" type="method" name="setIssuer" visibility="public" complexity="1" crap="1" count="2"/>
        <line num="185" type="stmt" count="2"/>
        <line num="186" type="stmt" count="2"/>
        <line num="207" type="method" name="setAudience" visibility="public" complexity="1" crap="1" count="2"/>
        <line num="209" type="stmt" count="2"/>
        <line num="210" type="stmt" count="2"/>
        <line num="225" type="method" name="setExpirationTime" visibility="protected" complexity="1" crap="1" count="2"/>
        <line num="227" type="stmt" count="2"/>
        <line num="228" type="stmt" count="2"/>
        <line num="247" type="method" name="setId" visibility="public" complexity="1" crap="1" count="2"/>
        <line num="249" type="stmt" count="2"/>
        <line num="250" type="stmt" count="2"/>
        <line num="261" type="method" name="setIssueAt" visibility="public" complexity="1" crap="1" count="2"/>
        <line num="263" type="stmt" count="2"/>
        <line num="264" type="stmt" count="2"/>
        <line num="272" type="method" name="getToken" visibility="public" complexity="2" crap="2" count="2"/>
        <line num="274" type="stmt" count="2"/>
        <line num="275" type="stmt" count="2"/>
        <line num="276" type="stmt" count="2"/>
        <line num="277" type="stmt" count="2"/>
        <line num="280" type="stmt" count="2"/>
        <line num="281" type="stmt" count="2"/>
        <line num="282" type="stmt" count="2"/>
        <line num="283" type="stmt" count="2"/>
        <line num="285" type="stmt" count="2"/>
        <line num="293" type="method" name="getIssuer" visibility="public" complexity="2" crap="2" count="2"/>
        <line num="295" type="stmt" count="2"/>
        <line num="303" type="method" name="getAudience" visibility="public" complexity="2" crap="2" count="2"/>
        <line num="305" type="stmt" count="2"/>
        <line num="313" type="method" name="getPayload" visibility="public" complexity="2" crap="2.15" count="2"/>
        <line num="315" type="stmt" count="2"/>
        <line num="316" type="stmt" count="2"/>
        <line num="319" type="stmt" count="0"/>
        <line num="325" type="method" name="getKid" visibility="public" complexity="2" crap="2" count="1"/>
        <line num="327" type="stmt" count="1"/>
        <line num="334" type="method" name="setKid" visibility="public" complexity="1" crap="1" count="1"/>
        <line num="336" type="stmt" count="1"/>
        <line num="337" type="stmt" count="1"/>
        <line num="348" type="method" name="getSignature" visibility="private" complexity="1" crap="1" count="6"/>
        <line num="350" type="stmt" count="6"/>
        <line num="356" type="method" name="getAlg" visibility="public" complexity="2" crap="2" count="6"/>
        <line num="358" type="stmt" count="6"/>
        <line num="365" type="method" name="setAlg" visibility="public" complexity="1" crap="1" count="1"/>
        <line num="367" type="stmt" count="1"/>
        <line num="368" type="stmt" count="1"/>
        <metrics loc="370" ncloc="202" classes="1" methods="22" coveredmethods="17" conditionals="0" coveredconditionals="0" statements="72" coveredstatements="64" elements="94" coveredelements="81"/>
      </file>
    </package>
    <metrics files="4" loc="661" ncloc="390" classes="4" methods="44" coveredmethods="31" conditionals="0" coveredconditionals="0" statements="137" coveredstatements="110" elements="181" coveredelements="141"/>
  </project>
</coverage>
